{
  "RSpec": {
    "coverage": {
      "/Users/matissemallette/Desktop/turing_work/1mod/projects/Night-Writer/spec/night_writer_spec.rb": {
        "lines": [
          1,
          1,
          1,
          null,
          1,
          1,
          3,
          3,
          null,
          null,
          1,
          1,
          null,
          null,
          1,
          1,
          null,
          null,
          1,
          1,
          null,
          null
        ]
      },
      "/Users/matissemallette/Desktop/turing_work/1mod/projects/Night-Writer/lib/night_writer.rb": {
        "lines": [
          1,
          null,
          1,
          1,
          1,
          3,
          3,
          3,
          3,
          3,
          null,
          null
        ]
      },
      "/Users/matissemallette/Desktop/turing_work/1mod/projects/Night-Writer/lib/braille_display.rb": {
        "lines": [
          1,
          null,
          1,
          1,
          null,
          1,
          7,
          null,
          null,
          1,
          3,
          null,
          null,
          1,
          null,
          null,
          null,
          1,
          6,
          6,
          11,
          45,
          null,
          11,
          null,
          6,
          null,
          null,
          1,
          1,
          1,
          1,
          26,
          26,
          4,
          4,
          4,
          null,
          22,
          null,
          null,
          1,
          null,
          null,
          1,
          2,
          2,
          26,
          2,
          2,
          null,
          24,
          null,
          null,
          2,
          null,
          null,
          1,
          3,
          3,
          null,
          null,
          1,
          3,
          null,
          null
        ]
      },
      "/Users/matissemallette/Desktop/turing_work/1mod/projects/Night-Writer/lib/braille.rb": {
        "lines": [
          1,
          null,
          1,
          null,
          null,
          null,
          null,
          null,
          null,
          null,
          null,
          null,
          null,
          null,
          null,
          null,
          null,
          null,
          null,
          null,
          null,
          null,
          null,
          null,
          null,
          null,
          null,
          null,
          null,
          null,
          null
        ]
      },
      "/Users/matissemallette/Desktop/turing_work/1mod/projects/Night-Writer/spec/braille_display_spec.rb": {
        "lines": [
          1,
          null,
          1,
          1,
          4,
          null,
          null,
          1,
          1,
          null,
          null,
          1,
          1,
          null,
          null,
          1,
          1,
          1,
          null,
          null,
          1,
          1,
          1,
          1,
          30,
          30,
          null,
          null,
          null
        ]
      },
      "/Users/matissemallette/Desktop/turing_work/1mod/projects/Night-Writer/spec/braille_spec.rb": {
        "lines": [
          1,
          1,
          null,
          1,
          1,
          null,
          null,
          null
        ]
      }
    },
    "timestamp": 1664309598
  }
}
