{
  "RSpec": {
    "coverage": {
      "/Users/matissemallette/Desktop/turing_work/1mod/projects/Night-Writer/spec/night_writer_spec.rb": {
        "lines": [
          1,
          1,
          1,
          null,
          1,
          1,
          3,
          3,
          null,
          null,
          1,
          1,
          null,
          null,
          1,
          1,
          null,
          null,
          1,
          1,
          null,
          null,
          null
        ]
      },
      "/Users/matissemallette/Desktop/turing_work/1mod/projects/Night-Writer/lib/night_writer.rb": {
        "lines": [
          1,
          null,
          1,
          1,
          1,
          3,
          3,
          3,
          3,
          null,
          null
        ]
      },
      "/Users/matissemallette/Desktop/turing_work/1mod/projects/Night-Writer/lib/braille_display.rb": {
        "lines": [
          1,
          1,
          null,
          1,
          1,
          null,
          1,
          4,
          null,
          null,
          1,
          3,
          null,
          null,
          1,
          3,
          3,
          null,
          null,
          1,
          3,
          null,
          null
        ]
      },
      "/Users/matissemallette/Desktop/turing_work/1mod/projects/Night-Writer/lib/braille.rb": {
        "lines": [
          1,
          null,
          1,
          null,
          null,
          null,
          null,
          null,
          null,
          null,
          null,
          null,
          null,
          null,
          null,
          null,
          null,
          null,
          null,
          null,
          null,
          null,
          null,
          null,
          null,
          null,
          null,
          null,
          null,
          null,
          null
        ]
      },
      "/Users/matissemallette/Desktop/turing_work/1mod/projects/Night-Writer/lib/text_formatter.rb": {
        "lines": [
          1,
          null,
          1,
          3,
          3,
          3,
          3,
          null,
          null,
          1,
          3,
          3,
          21,
          87,
          null,
          21,
          18,
          12,
          null,
          null,
          null,
          3,
          null,
          null,
          null,
          1,
          6,
          6,
          13,
          34,
          null,
          13,
          null,
          6,
          null,
          null,
          1,
          4,
          4,
          4,
          37,
          37,
          1,
          1,
          1,
          null,
          36,
          null,
          null,
          4,
          null,
          null,
          1,
          8,
          8,
          59,
          1,
          1,
          null,
          58,
          null,
          null,
          8,
          null,
          null
        ]
      },
      "/Users/matissemallette/Desktop/turing_work/1mod/projects/Night-Writer/spec/braille_display_spec.rb": {
        "lines": [
          1,
          null,
          1,
          1,
          1,
          null,
          null,
          1,
          1,
          null,
          null
        ]
      },
      "/Users/matissemallette/Desktop/turing_work/1mod/projects/Night-Writer/spec/braille_spec.rb": {
        "lines": [
          1,
          1,
          null,
          1,
          1,
          null,
          null,
          null
        ]
      },
      "/Users/matissemallette/Desktop/turing_work/1mod/projects/Night-Writer/spec/text_formatter_spec.rb": {
        "lines": [
          1,
          1,
          1,
          null,
          1,
          1,
          1,
          null,
          null,
          1,
          1,
          1,
          null,
          null,
          1,
          1,
          1,
          1,
          17,
          17,
          null,
          1,
          null,
          null
        ]
      }
    },
    "timestamp": 1664315813
  }
}
